<?xml version="1.0" encoding="utf-8" ?>
<!DOCTYPE html PUBLIC "-//W3C//DTD XHTML 1.0 Strict//EN"
        "http://www.w3.org/TR/xhtml1/DTD/xhtml1-strict.dtd">
<html xmlns="http://www.w3.org/1999/xhtml" xml:lang="" lang="">
<head>
  <title>Test Results Report - Regression Test</title>
  <meta http-equiv="Content-Type" content="text/html;charset=utf-8" />
  <meta name="description" content="TestNG unit test results." />
  <link href="reportng.css" rel="stylesheet" type="text/css" />
    <script type="text/javascript" src="reportng.js"></script>
</head>
<body>
<h1>Regression Test</h1>
<p>
  Test duration: 57.332s
</p>



  <table class="resultsTable">
    <tr><th colspan="3" class="header failed">Failed Tests</th></tr>
          <tr>
        <td colspan="3" class="group">com.bank.testsuite.BankTest</td>
      </tr>
            
<tr>
  <td class="method">
                  bankManagerShouldOpenAccountSuccessfully
      </td>
  <td class="duration">
    4.028s
  </td>
  <td class="result">
        
    
            <div class="testOutput">
                        Clicking on Manager Login tab<br />
                                Click on add customer tab: [[ChromeDriver: chrome on windows (c5dcec0276b219cf35dc50dd8ee3f4d6)] -&gt; xpath: //button[contains(text(),&apos;Add Customer&apos;)]]<br />
                                Enter first name in name field [[ChromeDriver: chrome on windows (c5dcec0276b219cf35dc50dd8ee3f4d6)] -&gt; xpath: //form//input[@placeholder=&apos;First Name&apos;]]<br />
                                Enter last name in name field [[ChromeDriver: chrome on windows (c5dcec0276b219cf35dc50dd8ee3f4d6)] -&gt; xpath: //form//input[@placeholder=&apos;Last Name&apos;]]<br />
                                Enter first name in name field [[ChromeDriver: chrome on windows (c5dcec0276b219cf35dc50dd8ee3f4d6)] -&gt; xpath: //form//input[@placeholder=&apos;First Name&apos;]]<br />
                                Click on Add customer button [[ChromeDriver: chrome on windows (c5dcec0276b219cf35dc50dd8ee3f4d6)] -&gt; xpath: //form//button[1]]<br />
                                Verify pop up text messageCustomer added successfully with customer id :6<br />
                                Accept pop up message<br />
                                Open account tab: [[ChromeDriver: chrome on windows (c5dcec0276b219cf35dc50dd8ee3f4d6)] -&gt; xpath: //button[contains(text(),&apos;Open Account&apos;)]]<br />
                                Selecting customer name from dropdown<br />
                                Selecting currency name from dropdown<br />
                  </div>
    

        <a href="javascript:toggleElement('exception-0', 'block')" title="Click to expand/collapse"><b>org.openqa.selenium.NoAlertPresentException: no such alert<br/>
&nbsp; (Session info: chrome=114.0.5735.199)<br/>
Build info: version: &apos;4.10.0&apos;, revision: &apos;c14d967899&apos;<br/>
System info: os.name: &apos;Windows 10&apos;, os.arch: &apos;amd64&apos;, os.version: &apos;10.0&apos;, java.version: &apos;1.8.0_121&apos;<br/>
Driver info: org.openqa.selenium.chrome.ChromeDriver<br/>
Command: [c5dcec0276b219cf35dc50dd8ee3f4d6, getAlertText {}]<br/>
Capabilities {acceptInsecureCerts: false, browserName: chrome, browserVersion: 114.0.5735.199, chrome: {chromedriverVersion: 114.0.5735.90 (386bc09e8f4f..., userDataDir: C:\Users\khush\AppData\Loca...}, goog:chromeOptions: {debuggerAddress: localhost:49862}, networkConnectionEnabled: false, pageLoadStrategy: normal, platformName: windows, proxy: Proxy(), se:cdp: ws://localhost:49862/devtoo..., se:cdpVersion: 114.0.5735.199, setWindowRect: true, strictFileInteractability: false, timeouts: {implicit: 0, pageLoad: 300000, script: 30000}, unhandledPromptBehavior: dismiss and notify, webauthn:extension:credBlob: true, webauthn:extension:largeBlob: true, webauthn:extension:minPinLength: true, webauthn:extension:prf: true, webauthn:virtualAuthenticators: true}<br/>
Session ID: c5dcec0276b219cf35dc50dd8ee3f4d6</b></a><br />
    <div class="stackTrace" id="exception-0">
              sun.reflect.NativeConstructorAccessorImpl.newInstance0(Native Method)<br />
              sun.reflect.NativeConstructorAccessorImpl.newInstance(NativeConstructorAccessorImpl.java:62)<br />
              sun.reflect.DelegatingConstructorAccessorImpl.newInstance(DelegatingConstructorAccessorImpl.java:45)<br />
              java.lang.reflect.Constructor.newInstance(Constructor.java:423)<br />
              org.openqa.selenium.remote.codec.w3c.W3CHttpResponseCodec.createException(W3CHttpResponseCodec.java:199)<br />
              org.openqa.selenium.remote.codec.w3c.W3CHttpResponseCodec.decode(W3CHttpResponseCodec.java:132)<br />
              org.openqa.selenium.remote.codec.w3c.W3CHttpResponseCodec.decode(W3CHttpResponseCodec.java:51)<br />
              org.openqa.selenium.remote.HttpCommandExecutor.execute(HttpCommandExecutor.java:191)<br />
              org.openqa.selenium.remote.service.DriverCommandExecutor.invokeExecute(DriverCommandExecutor.java:196)<br />
              org.openqa.selenium.remote.service.DriverCommandExecutor.execute(DriverCommandExecutor.java:171)<br />
              org.openqa.selenium.remote.RemoteWebDriver.execute(RemoteWebDriver.java:531)<br />
              org.openqa.selenium.remote.RemoteWebDriver.execute(RemoteWebDriver.java:590)<br />
              org.openqa.selenium.remote.RemoteWebDriver.execute(RemoteWebDriver.java:594)<br />
              org.openqa.selenium.remote.RemoteWebDriver$RemoteTargetLocator.alert(RemoteWebDriver.java:1084)<br />
              com.bank.utility.Utility.getTextFromAlert(Utility.java:125)<br />
              com.bank.testsuite.BankTest.bankManagerShouldOpenAccountSuccessfully(BankTest.java:64)<br />
              sun.reflect.NativeMethodAccessorImpl.invoke0(Native Method)<br />
              sun.reflect.NativeMethodAccessorImpl.invoke(NativeMethodAccessorImpl.java:62)<br />
              sun.reflect.DelegatingMethodAccessorImpl.invoke(DelegatingMethodAccessorImpl.java:43)<br />
              java.lang.reflect.Method.invoke(Method.java:498)<br />
              org.testng.internal.invokers.MethodInvocationHelper.invokeMethod(MethodInvocationHelper.java:135)<br />
              org.testng.internal.invokers.TestInvoker.invokeMethod(TestInvoker.java:673)<br />
              org.testng.internal.invokers.TestInvoker.invokeTestMethod(TestInvoker.java:220)<br />
              org.testng.internal.invokers.MethodRunner.runInSequence(MethodRunner.java:50)<br />
              org.testng.internal.invokers.TestInvoker$MethodInvocationAgent.invoke(TestInvoker.java:945)<br />
              org.testng.internal.invokers.TestInvoker.invokeTestMethods(TestInvoker.java:193)<br />
              org.testng.internal.invokers.TestMethodWorker.invokeTestMethods(TestMethodWorker.java:146)<br />
              org.testng.internal.invokers.TestMethodWorker.run(TestMethodWorker.java:128)<br />
              java.util.ArrayList.forEach(ArrayList.java:1249)<br />
              org.testng.TestRunner.privateRun(TestRunner.java:808)<br />
              org.testng.TestRunner.run(TestRunner.java:603)<br />
              org.testng.SuiteRunner.runTest(SuiteRunner.java:429)<br />
              org.testng.SuiteRunner.runSequentially(SuiteRunner.java:423)<br />
              org.testng.SuiteRunner.privateRun(SuiteRunner.java:383)<br />
              org.testng.SuiteRunner.run(SuiteRunner.java:326)<br />
              org.testng.SuiteRunnerWorker.runSuite(SuiteRunnerWorker.java:52)<br />
              org.testng.SuiteRunnerWorker.run(SuiteRunnerWorker.java:95)<br />
              org.testng.TestNG.runSuitesSequentially(TestNG.java:1249)<br />
              org.testng.TestNG.runSuitesLocally(TestNG.java:1169)<br />
              org.testng.TestNG.runSuites(TestNG.java:1092)<br />
              org.testng.TestNG.run(TestNG.java:1060)<br />
              com.intellij.rt.testng.IDEARemoteTestNG.run(IDEARemoteTestNG.java:66)<br />
              com.intellij.rt.testng.RemoteTestNGStarter.main(RemoteTestNGStarter.java:105)<br />
                </div>
      </td>
</tr>
<tr>
  <td class="method">
                  customerShouldLoginAndLogoutSuccessfully
      </td>
  <td class="duration">
    23.303s
  </td>
  <td class="result">
        
    
            <div class="testOutput">
                        Clicking on login button[[ChromeDriver: chrome on windows (4827804853b8e4e8080109255c3c6e40)] -&gt; xpath: //button[contains(text(),&apos;Customer Login&apos;)]]<br />
                                Selecting customer from dropdown[[[ChromeDriver: chrome on windows (4827804853b8e4e8080109255c3c6e40)] -&gt; xpath: //form[@role=&apos;form&apos;]/child::div[1]/select/child::*], [[ChromeDriver: chrome on windows (4827804853b8e4e8080109255c3c6e40)] -&gt; xpath: //form[@role=&apos;form&apos;]/child::div[1]/select/child::*], [[ChromeDriver: chrome on windows (4827804853b8e4e8080109255c3c6e40)] -&gt; xpath: //form[@role=&apos;form&apos;]/child::div[1]/select/child::*], [[ChromeDriver: chrome on windows (4827804853b8e4e8080109255c3c6e40)] -&gt; xpath: //form[@role=&apos;form&apos;]/child::div[1]/select/child::*], [[ChromeDriver: chrome on windows (4827804853b8e4e8080109255c3c6e40)] -&gt; xpath: //form[@role=&apos;form&apos;]/child::div[1]/select/child::*], [[ChromeDriver: chrome on windows (4827804853b8e4e8080109255c3c6e40)] -&gt; xpath: //form[@role=&apos;form&apos;]/child::div[1]/select/child::*]]<br />
                                Clicking on login button[[ChromeDriver: chrome on windows (4827804853b8e4e8080109255c3c6e40)] -&gt; xpath: //button[contains(text(),&apos;Login&apos;)]]<br />
                                Verifying logout message<br />
                  </div>
    

        <a href="javascript:toggleElement('exception-1', 'block')" title="Click to expand/collapse"><b>org.openqa.selenium.NoSuchElementException: no such element: Unable to locate element: {&quot;method&quot;:&quot;xpath&quot;,&quot;selector&quot;:&quot;//body[1]/div[3]/div[1]/div[1]/button[2]&quot;}<br/>
&nbsp; (Session info: chrome=114.0.5735.199)<br/>
For documentation on this error, please visit: https://www.selenium.dev/documentation/webdriver/troubleshooting/errors#no-such-element-exception<br/>
Build info: version: &apos;4.10.0&apos;, revision: &apos;c14d967899&apos;<br/>
System info: os.name: &apos;Windows 10&apos;, os.arch: &apos;amd64&apos;, os.version: &apos;10.0&apos;, java.version: &apos;1.8.0_121&apos;<br/>
Driver info: org.openqa.selenium.chrome.ChromeDriver<br/>
Command: [4827804853b8e4e8080109255c3c6e40, findElement {using=xpath, value=//body[1]/div[3]/div[1]/div[1]/button[2]}]<br/>
Capabilities {acceptInsecureCerts: false, browserName: chrome, browserVersion: 114.0.5735.199, chrome: {chromedriverVersion: 114.0.5735.90 (386bc09e8f4f..., userDataDir: C:\Users\khush\AppData\Loca...}, goog:chromeOptions: {debuggerAddress: localhost:49918}, networkConnectionEnabled: false, pageLoadStrategy: normal, platformName: windows, proxy: Proxy(), se:cdp: ws://localhost:49918/devtoo..., se:cdpVersion: 114.0.5735.199, setWindowRect: true, strictFileInteractability: false, timeouts: {implicit: 0, pageLoad: 300000, script: 30000}, unhandledPromptBehavior: dismiss and notify, webauthn:extension:credBlob: true, webauthn:extension:largeBlob: true, webauthn:extension:minPinLength: true, webauthn:extension:prf: true, webauthn:virtualAuthenticators: true}<br/>
Session ID: 4827804853b8e4e8080109255c3c6e40</b></a><br />
    <div class="stackTrace" id="exception-1">
              sun.reflect.NativeConstructorAccessorImpl.newInstance0(Native Method)<br />
              sun.reflect.NativeConstructorAccessorImpl.newInstance(NativeConstructorAccessorImpl.java:62)<br />
              sun.reflect.DelegatingConstructorAccessorImpl.newInstance(DelegatingConstructorAccessorImpl.java:45)<br />
              java.lang.reflect.Constructor.newInstance(Constructor.java:423)<br />
              org.openqa.selenium.remote.codec.w3c.W3CHttpResponseCodec.createException(W3CHttpResponseCodec.java:199)<br />
              org.openqa.selenium.remote.codec.w3c.W3CHttpResponseCodec.decode(W3CHttpResponseCodec.java:132)<br />
              org.openqa.selenium.remote.codec.w3c.W3CHttpResponseCodec.decode(W3CHttpResponseCodec.java:51)<br />
              org.openqa.selenium.remote.HttpCommandExecutor.execute(HttpCommandExecutor.java:191)<br />
              org.openqa.selenium.remote.service.DriverCommandExecutor.invokeExecute(DriverCommandExecutor.java:196)<br />
              org.openqa.selenium.remote.service.DriverCommandExecutor.execute(DriverCommandExecutor.java:171)<br />
              org.openqa.selenium.remote.RemoteWebDriver.execute(RemoteWebDriver.java:531)<br />
              org.openqa.selenium.remote.ElementLocation$ElementFinder$2.findElement(ElementLocation.java:165)<br />
              org.openqa.selenium.remote.ElementLocation.findElement(ElementLocation.java:59)<br />
              org.openqa.selenium.remote.RemoteWebDriver.findElement(RemoteWebDriver.java:350)<br />
              org.openqa.selenium.remote.RemoteWebDriver.findElement(RemoteWebDriver.java:344)<br />
              org.openqa.selenium.support.pagefactory.DefaultElementLocator.findElement(DefaultElementLocator.java:68)<br />
              org.openqa.selenium.support.pagefactory.internal.LocatingElementHandler.invoke(LocatingElementHandler.java:38)<br />
              com.sun.proxy.$Proxy16.getText(Unknown Source)<br />
              com.bank.utility.Utility.getTextFromElement(Utility.java:64)<br />
              com.bank.pages.CustomerLoginPage.verifyLogoutMessage(CustomerLoginPage.java:56)<br />
              com.bank.testsuite.BankTest.customerShouldLoginAndLogoutSuccessfully(BankTest.java:78)<br />
              sun.reflect.NativeMethodAccessorImpl.invoke0(Native Method)<br />
              sun.reflect.NativeMethodAccessorImpl.invoke(NativeMethodAccessorImpl.java:62)<br />
              sun.reflect.DelegatingMethodAccessorImpl.invoke(DelegatingMethodAccessorImpl.java:43)<br />
              java.lang.reflect.Method.invoke(Method.java:498)<br />
              org.testng.internal.invokers.MethodInvocationHelper.invokeMethod(MethodInvocationHelper.java:135)<br />
              org.testng.internal.invokers.TestInvoker.invokeMethod(TestInvoker.java:673)<br />
              org.testng.internal.invokers.TestInvoker.invokeTestMethod(TestInvoker.java:220)<br />
              org.testng.internal.invokers.MethodRunner.runInSequence(MethodRunner.java:50)<br />
              org.testng.internal.invokers.TestInvoker$MethodInvocationAgent.invoke(TestInvoker.java:945)<br />
              org.testng.internal.invokers.TestInvoker.invokeTestMethods(TestInvoker.java:193)<br />
              org.testng.internal.invokers.TestMethodWorker.invokeTestMethods(TestMethodWorker.java:146)<br />
              org.testng.internal.invokers.TestMethodWorker.run(TestMethodWorker.java:128)<br />
              java.util.ArrayList.forEach(ArrayList.java:1249)<br />
              org.testng.TestRunner.privateRun(TestRunner.java:808)<br />
              org.testng.TestRunner.run(TestRunner.java:603)<br />
              org.testng.SuiteRunner.runTest(SuiteRunner.java:429)<br />
              org.testng.SuiteRunner.runSequentially(SuiteRunner.java:423)<br />
              org.testng.SuiteRunner.privateRun(SuiteRunner.java:383)<br />
              org.testng.SuiteRunner.run(SuiteRunner.java:326)<br />
              org.testng.SuiteRunnerWorker.runSuite(SuiteRunnerWorker.java:52)<br />
              org.testng.SuiteRunnerWorker.run(SuiteRunnerWorker.java:95)<br />
              org.testng.TestNG.runSuitesSequentially(TestNG.java:1249)<br />
              org.testng.TestNG.runSuitesLocally(TestNG.java:1169)<br />
              org.testng.TestNG.runSuites(TestNG.java:1092)<br />
              org.testng.TestNG.run(TestNG.java:1060)<br />
              com.intellij.rt.testng.IDEARemoteTestNG.run(IDEARemoteTestNG.java:66)<br />
              com.intellij.rt.testng.RemoteTestNGStarter.main(RemoteTestNGStarter.java:105)<br />
                </div>
      </td>
</tr>
      </table>


  <table class="resultsTable">
    <tr><th colspan="3" class="header passed">Passed Tests</th></tr>
          <tr>
        <td colspan="3" class="group">com.bank.testsuite.BankTest</td>
      </tr>
            
<tr>
  <td class="method">
                  bankManagerShouldAddCustomerSuccessfully
      </td>
  <td class="duration">
    2.419s
  </td>
  <td class="result">
        
    
            <div class="testOutput">
                        Clicking on Manager Login tab<br />
                                Click on add customer tab: [[ChromeDriver: chrome on windows (4fa5d22d1dbef157459fe5afb3912418)] -&gt; xpath: //button[contains(text(),&apos;Add Customer&apos;)]]<br />
                                Enter first name in name field [[ChromeDriver: chrome on windows (4fa5d22d1dbef157459fe5afb3912418)] -&gt; xpath: //form//input[@placeholder=&apos;First Name&apos;]]<br />
                                Enter last name in name field [[ChromeDriver: chrome on windows (4fa5d22d1dbef157459fe5afb3912418)] -&gt; xpath: //form//input[@placeholder=&apos;Last Name&apos;]]<br />
                                Enter first name in name field [[ChromeDriver: chrome on windows (4fa5d22d1dbef157459fe5afb3912418)] -&gt; xpath: //form//input[@placeholder=&apos;First Name&apos;]]<br />
                                Click on Add customer button [[ChromeDriver: chrome on windows (4fa5d22d1dbef157459fe5afb3912418)] -&gt; xpath: //form//button[1]]<br />
                                Verify pop up text messageCustomer added successfully with customer id :6<br />
                                Accept pop up message<br />
                  </div>
    

      </td>
</tr>
<tr>
  <td class="method">
                  customerShouldDepositMoneySuccessfully
      </td>
  <td class="duration">
    2.620s
  </td>
  <td class="result">
        
    
            <div class="testOutput">
                        Clicking on login button[[ChromeDriver: chrome on windows (6158c91b0d8d1256ec2abd3ae2948c1c)] -&gt; xpath: //button[contains(text(),&apos;Customer Login&apos;)]]<br />
                                Selecting customer from dropdown[[[ChromeDriver: chrome on windows (6158c91b0d8d1256ec2abd3ae2948c1c)] -&gt; xpath: //form[@role=&apos;form&apos;]/child::div[1]/select/child::*], [[ChromeDriver: chrome on windows (6158c91b0d8d1256ec2abd3ae2948c1c)] -&gt; xpath: //form[@role=&apos;form&apos;]/child::div[1]/select/child::*], [[ChromeDriver: chrome on windows (6158c91b0d8d1256ec2abd3ae2948c1c)] -&gt; xpath: //form[@role=&apos;form&apos;]/child::div[1]/select/child::*], [[ChromeDriver: chrome on windows (6158c91b0d8d1256ec2abd3ae2948c1c)] -&gt; xpath: //form[@role=&apos;form&apos;]/child::div[1]/select/child::*], [[ChromeDriver: chrome on windows (6158c91b0d8d1256ec2abd3ae2948c1c)] -&gt; xpath: //form[@role=&apos;form&apos;]/child::div[1]/select/child::*], [[ChromeDriver: chrome on windows (6158c91b0d8d1256ec2abd3ae2948c1c)] -&gt; xpath: //form[@role=&apos;form&apos;]/child::div[1]/select/child::*]]<br />
                                Clicking on login button[[ChromeDriver: chrome on windows (6158c91b0d8d1256ec2abd3ae2948c1c)] -&gt; xpath: //button[contains(text(),&apos;Login&apos;)]]<br />
                                Clicking on continue button[[ChromeDriver: chrome on windows (6158c91b0d8d1256ec2abd3ae2948c1c)] -&gt; xpath: //div[@class=&apos;borderM box padT20 ng-scope&apos;]/div[3]/button[2]]<br />
                                Enter amount 100 to amount field [[ChromeDriver: chrome on windows (6158c91b0d8d1256ec2abd3ae2948c1c)] -&gt; xpath: //input[@placeholder=&apos;amount&apos;]]<br />
                                Clicking on continue button[[ChromeDriver: chrome on windows (6158c91b0d8d1256ec2abd3ae2948c1c)] -&gt; xpath: //button[@class=&apos;btn btn-default&apos;][contains(text(),&apos;Deposit&apos;)]]<br />
                                Deposit successfull message[[ChromeDriver: chrome on windows (6158c91b0d8d1256ec2abd3ae2948c1c)] -&gt; xpath: //span[contains(text(), &apos;Deposit Successful&apos;)]]<br />
                  </div>
    

      </td>
</tr>
<tr>
  <td class="method">
                  customerShouldWithdrawMoneySuccessfully
      </td>
  <td class="duration">
    2.938s
  </td>
  <td class="result">
        
    
            <div class="testOutput">
                        Clicking on continue button[[ChromeDriver: chrome on windows (6180c0456270224a33ee02221d557815)] -&gt; xpath: //button[contains(text(),&apos;Login&apos;)]]<br />
                                Clicking on continue button[[ChromeDriver: chrome on windows (6180c0456270224a33ee02221d557815)] -&gt; xpath: //div[@class=&apos;borderM box padT20 ng-scope&apos;]/div[3]/button[2]]<br />
                                Enter amount 150 to amount field [[ChromeDriver: chrome on windows (6180c0456270224a33ee02221d557815)] -&gt; xpath: //input[@placeholder=&apos;amount&apos;]]<br />
                                Clicking on continue button[[ChromeDriver: chrome on windows (6180c0456270224a33ee02221d557815)] -&gt; xpath: //button[@class=&apos;btn btn-default&apos;][contains(text(),&apos;Deposit&apos;)]]<br />
                                Clicking on withdrawl[[ChromeDriver: chrome on windows (6180c0456270224a33ee02221d557815)] -&gt; xpath: //button[@class=&apos;btn btn-lg tab&apos;][contains(text(),&apos;Withdrawl&apos;)]]<br />
                                Enter amount 50 to withdraw field [[ChromeDriver: chrome on windows (6180c0456270224a33ee02221d557815)] -&gt; xpath: //input[@placeholder=&apos;amount&apos;]]<br />
                                Clicking on withdraw button[[ChromeDriver: chrome on windows (6180c0456270224a33ee02221d557815)] -&gt; xpath: //button[@type=&apos;submit&apos;]]<br />
                  </div>
    

      </td>
</tr>
      </table>
  
</body>
</html>
